<?xml version="1.0" encoding="UTF-8"?>
<testsuite name="com.kodilla.exception.test.ExceptionHandlingTest" tests="2" skipped="0" failures="0" errors="0" timestamp="2020-12-29T18:13:40" hostname="Air-Maciej" time="0.053">
  <properties/>
  <testcase name="happyPatch()" classname="com.kodilla.exception.test.ExceptionHandlingTest" time="0.031"/>
  <testcase name="probablyIWillThrowException()" classname="com.kodilla.exception.test.ExceptionHandlingTest" time="0.014"/>
  <system-out><![CDATA[]]></system-out>
  <system-err><![CDATA[]]></system-err>
</testsuite>
